# JRE version: OpenJDK Runtime Environment Temurin-17.0.13+11 (17.0.13+11) (build 17.0.13+11)
# Java VM: OpenJDK 64-Bit Server VM Temurin-17.0.13+11 (17.0.13+11, mixed mode, tiered, compressed oops, compressed class ptrs, parallel gc, windows-amd64)
GC Precious Log:
 CPUs: 16 total, 16 available
 Memory: 16075M
 Large Page Support: Disabled
 NUMA Support: Disabled
 Compressed Oops: Enabled (32-bit)
 Alignments: Space 512K, Generation 512K, Heap 2M
 Heap Min Capacity: 100M
 Heap Initial Capacity: 100M
 Heap Max Capacity: 1G
 Pre-touch: Disabled
 Parallel Workers: 13
Heap:
 PSYoungGen      total 2048K, used 1393K [0x00000000eab00000, 0x00000000ead80000, 0x0000000100000000)
  eden space 1536K, 57% used [0x00000000eab00000,0x00000000eabdc768,0x00000000eac80000)
  from space 512K, 100% used [0x00000000ead00000,0x00000000ead80000,0x00000000ead80000)
  to   space 512K, 0% used [0x00000000eac80000,0x00000000eac80000,0x00000000ead00000)
 ParOldGen       total 579072K, used 562199K [0x00000000c0000000, 0x00000000e3580000, 0x00000000eab00000)
  object space 579072K, 97% used [0x00000000c0000000,0x00000000e2505e30,0x00000000e3580000)
 Metaspace       used 75674K, committed 77120K, reserved 1179648K
  class space    used 7758K, committed 8320K, reserved 1048576K
GC Heap History (20 events):
Event: 117.372 GC heap before
{Heap before GC invocations=618 (full 14):
 PSYoungGen      total 2048K, used 1728K [0x00000000eab00000, 0x00000000eae80000, 0x0000000100000000)
  eden space 1024K, 100% used [0x00000000eab00000,0x00000000eac00000,0x00000000eac00000)
  from space 1024K, 68% used [0x00000000ead80000,0x00000000eae30000,0x00000000eae80000)
  to   space 1024K, 0% used [0x00000000eac80000,0x00000000eac80000,0x00000000ead80000)
 ParOldGen       total 579072K, used 555846K [0x00000000c0000000, 0x00000000e3580000, 0x00000000eab00000)
  object space 579072K, 95% used [0x00000000c0000000,0x00000000e1ed1890,0x00000000e3580000)
 Metaspace       used 75577K, committed 76992K, reserved 1179648K
  class space    used 7750K, committed 8320K, reserved 1048576K
}
Event: 117.376 GC heap after
{Heap after GC invocations=618 (full 14):
 PSYoungGen      total 2048K, used 992K [0x00000000eab00000, 0x00000000eaf00000, 0x0000000100000000)
  eden space 1024K, 0% used [0x00000000eab00000,0x00000000eab00000,0x00000000eac00000)
  from space 1024K, 96% used [0x00000000eac80000,0x00000000ead78000,0x00000000ead80000)
  to   space 1536K, 0% used [0x00000000ead80000,0x00000000ead80000,0x00000000eaf00000)
 ParOldGen       total 579072K, used 556390K [0x00000000c0000000, 0x00000000e3580000, 0x00000000eab00000)
  object space 579072K, 96% used [0x00000000c0000000,0x00000000e1f59890,0x00000000e3580000)
 Metaspace       used 75577K, committed 76992K, reserved 1179648K
  class space    used 7750K, committed 8320K, reserved 1048576K
}
Event: 117.388 GC heap before
{Heap before GC invocations=619 (full 14):
 PSYoungGen      total 2048K, used 2016K [0x00000000eab00000, 0x00000000eaf00000, 0x0000000100000000)
  eden space 1024K, 100% used [0x00000000eab00000,0x00000000eac00000,0x00000000eac00000)
  from space 1024K, 96% used [0x00000000eac80000,0x00000000ead78000,0x00000000ead80000)
  to   space 1536K, 0% used [0x00000000ead80000,0x00000000ead80000,0x00000000eaf00000)
 ParOldGen       total 579072K, used 556390K [0x00000000c0000000, 0x00000000e3580000, 0x00000000eab00000)
  object space 579072K, 96% used [0x00000000c0000000,0x00000000e1f59890,0x00000000e3580000)
 Metaspace       used 75577K, committed 76992K, reserved 1179648K
  class space    used 7750K, committed 8320K, reserved 1048576K
}
Event: 117.393 GC heap after
{Heap after GC invocations=619 (full 14):
 PSYoungGen      total 2048K, used 992K [0x00000000eab00000, 0x00000000eae80000, 0x0000000100000000)
  eden space 1024K, 0% used [0x00000000eab00000,0x00000000eab00000,0x00000000eac00000)
  from space 1024K, 96% used [0x00000000ead80000,0x00000000eae78000,0x00000000eae80000)
  to   space 1024K, 0% used [0x00000000eac80000,0x00000000eac80000,0x00000000ead80000)
 ParOldGen       total 579072K, used 557214K [0x00000000c0000000, 0x00000000e3580000, 0x00000000eab00000)
  object space 579072K, 96% used [0x00000000c0000000,0x00000000e2027890,0x00000000e3580000)
 Metaspace       used 75577K, committed 76992K, reserved 1179648K
  class space    used 7750K, committed 8320K, reserved 1048576K
}
Event: 118.776 GC heap before
{Heap before GC invocations=620 (full 14):
 PSYoungGen      total 2048K, used 2015K [0x00000000eab00000, 0x00000000eae80000, 0x0000000100000000)
  eden space 1024K, 99% used [0x00000000eab00000,0x00000000eabffff8,0x00000000eac00000)
  from space 1024K, 96% used [0x00000000ead80000,0x00000000eae78000,0x00000000eae80000)
  to   space 1024K, 0% used [0x00000000eac80000,0x00000000eac80000,0x00000000ead80000)
 ParOldGen       total 579072K, used 557214K [0x00000000c0000000, 0x00000000e3580000, 0x00000000eab00000)
  object space 579072K, 96% used [0x00000000c0000000,0x00000000e2027890,0x00000000e3580000)
 Metaspace       used 75577K, committed 76992K, reserved 1179648K
  class space    used 7750K, committed 8320K, reserved 1048576K
}
Event: 118.798 GC heap after
{Heap after GC invocations=620 (full 14):
 PSYoungGen      total 2048K, used 992K [0x00000000eab00000, 0x00000000eae00000, 0x0000000100000000)
  eden space 1024K, 0% used [0x00000000eab00000,0x00000000eab00000,0x00000000eac00000)
  from space 1024K, 96% used [0x00000000eac80000,0x00000000ead78000,0x00000000ead80000)
  to   space 512K, 0% used [0x00000000ead80000,0x00000000ead80000,0x00000000eae00000)
 ParOldGen       total 579072K, used 558070K [0x00000000c0000000, 0x00000000e3580000, 0x00000000eab00000)
  object space 579072K, 96% used [0x00000000c0000000,0x00000000e20fd890,0x00000000e3580000)
 Metaspace       used 75577K, committed 76992K, reserved 1179648K
  class space    used 7750K, committed 8320K, reserved 1048576K
}
Event: 119.120 GC heap before
{Heap before GC invocations=621 (full 14):
 PSYoungGen      total 2048K, used 2016K [0x00000000eab00000, 0x00000000eae00000, 0x0000000100000000)
  eden space 1024K, 100% used [0x00000000eab00000,0x00000000eac00000,0x00000000eac00000)
  from space 1024K, 96% used [0x00000000eac80000,0x00000000ead78000,0x00000000ead80000)
  to   space 512K, 0% used [0x00000000ead80000,0x00000000ead80000,0x00000000eae00000)
 ParOldGen       total 579072K, used 558070K [0x00000000c0000000, 0x00000000e3580000, 0x00000000eab00000)
  object space 579072K, 96% used [0x00000000c0000000,0x00000000e20fd890,0x00000000e3580000)
 Metaspace       used 75577K, committed 76992K, reserved 1179648K
  class space    used 7750K, committed 8320K, reserved 1048576K
}
Event: 119.124 GC heap after
{Heap after GC invocations=621 (full 14):
 PSYoungGen      total 1024K, used 512K [0x00000000eab00000, 0x00000000eb000000, 0x0000000100000000)
  eden space 512K, 0% used [0x00000000eab00000,0x00000000eab00000,0x00000000eab80000)
  from space 512K, 100% used [0x00000000ead80000,0x00000000eae00000,0x00000000eae00000)
  to   space 2048K, 0% used [0x00000000eab80000,0x00000000eab80000,0x00000000ead80000)
 ParOldGen       total 579072K, used 559278K [0x00000000c0000000, 0x00000000e3580000, 0x00000000eab00000)
  object space 579072K, 96% used [0x00000000c0000000,0x00000000e222b890,0x00000000e3580000)
 Metaspace       used 75577K, committed 76992K, reserved 1179648K
  class space    used 7750K, committed 8320K, reserved 1048576K
}
Event: 119.129 GC heap before
{Heap before GC invocations=622 (full 14):
 PSYoungGen      total 1024K, used 1024K [0x00000000eab00000, 0x00000000eb000000, 0x0000000100000000)
  eden space 512K, 100% used [0x00000000eab00000,0x00000000eab80000,0x00000000eab80000)
  from space 512K, 100% used [0x00000000ead80000,0x00000000eae00000,0x00000000eae00000)
  to   space 2048K, 0% used [0x00000000eab80000,0x00000000eab80000,0x00000000ead80000)
 ParOldGen       total 579072K, used 559278K [0x00000000c0000000, 0x00000000e3580000, 0x00000000eab00000)
  object space 579072K, 96% used [0x00000000c0000000,0x00000000e222b890,0x00000000e3580000)
 Metaspace       used 75577K, committed 76992K, reserved 1179648K
  class space    used 7750K, committed 8320K, reserved 1048576K
}
Event: 119.131 GC heap after
{Heap after GC invocations=622 (full 14):
 PSYoungGen      total 1536K, used 544K [0x00000000eab00000, 0x00000000eae00000, 0x0000000100000000)
  eden space 512K, 0% used [0x00000000eab00000,0x00000000eab00000,0x00000000eab80000)
  from space 1024K, 53% used [0x00000000eab80000,0x00000000eac08000,0x00000000eac80000)
  to   space 1024K, 0% used [0x00000000ead00000,0x00000000ead00000,0x00000000eae00000)
 ParOldGen       total 579072K, used 559830K [0x00000000c0000000, 0x00000000e3580000, 0x00000000eab00000)
  object space 579072K, 96% used [0x00000000c0000000,0x00000000e22b5890,0x00000000e3580000)
 Metaspace       used 75577K, committed 76992K, reserved 1179648K
  class space    used 7750K, committed 8320K, reserved 1048576K
}
Event: 119.233 GC heap before
{Heap before GC invocations=623 (full 14):
 PSYoungGen      total 1536K, used 1030K [0x00000000eab00000, 0x00000000eae00000, 0x0000000100000000)
  eden space 512K, 95% used [0x00000000eab00000,0x00000000eab79ad8,0x00000000eab80000)
  from space 1024K, 53% used [0x00000000eab80000,0x00000000eac08000,0x00000000eac80000)
  to   space 1024K, 0% used [0x00000000ead00000,0x00000000ead00000,0x00000000eae00000)
 ParOldGen       total 579072K, used 559830K [0x00000000c0000000, 0x00000000e3580000, 0x00000000eab00000)
  object space 579072K, 96% used [0x00000000c0000000,0x00000000e22b5890,0x00000000e3580000)
 Metaspace       used 75577K, committed 76992K, reserved 1179648K
  class space    used 7750K, committed 8320K, reserved 1048576K
}
Event: 119.236 GC heap after
{Heap after GC invocations=623 (full 14):
 PSYoungGen      total 1024K, used 512K [0x00000000eab00000, 0x00000000ead80000, 0x0000000100000000)
  eden space 512K, 0% used [0x00000000eab00000,0x00000000eab00000,0x00000000eab80000)
  from space 512K, 100% used [0x00000000ead00000,0x00000000ead80000,0x00000000ead80000)
  to   space 1024K, 0% used [0x00000000eab80000,0x00000000eab80000,0x00000000eac80000)
 ParOldGen       total 579072K, used 560246K [0x00000000c0000000, 0x00000000e3580000, 0x00000000eab00000)
  object space 579072K, 96% used [0x00000000c0000000,0x00000000e231d890,0x00000000e3580000)
 Metaspace       used 75577K, committed 76992K, reserved 1179648K
  class space    used 7750K, committed 8320K, reserved 1048576K
}
Event: 119.519 GC heap before
{Heap before GC invocations=624 (full 14):
 PSYoungGen      total 1024K, used 1019K [0x00000000eab00000, 0x00000000ead80000, 0x0000000100000000)
  eden space 512K, 99% used [0x00000000eab00000,0x00000000eab7efe0,0x00000000eab80000)
  from space 512K, 100% used [0x00000000ead00000,0x00000000ead80000,0x00000000ead80000)
  to   space 1024K, 0% used [0x00000000eab80000,0x00000000eab80000,0x00000000eac80000)
 ParOldGen       total 579072K, used 560246K [0x00000000c0000000, 0x00000000e3580000, 0x00000000eab00000)
  object space 579072K, 96% used [0x00000000c0000000,0x00000000e231d890,0x00000000e3580000)
 Metaspace       used 75613K, committed 77056K, reserved 1179648K
  class space    used 7755K, committed 8320K, reserved 1048576K
}
Event: 119.521 GC heap after
{Heap after GC invocations=624 (full 14):
 PSYoungGen      total 1536K, used 224K [0x00000000eab00000, 0x00000000ead80000, 0x0000000100000000)
  eden space 512K, 0% used [0x00000000eab00000,0x00000000eab00000,0x00000000eab80000)
  from space 1024K, 21% used [0x00000000eab80000,0x00000000eabb8000,0x00000000eac80000)
  to   space 512K, 0% used [0x00000000ead00000,0x00000000ead00000,0x00000000ead80000)
 ParOldGen       total 579072K, used 560566K [0x00000000c0000000, 0x00000000e3580000, 0x00000000eab00000)
  object space 579072K, 96% used [0x00000000c0000000,0x00000000e236d890,0x00000000e3580000)
 Metaspace       used 75613K, committed 77056K, reserved 1179648K
  class space    used 7755K, committed 8320K, reserved 1048576K
}
Event: 119.684 GC heap before
{Heap before GC invocations=625 (full 14):
 PSYoungGen      total 1536K, used 736K [0x00000000eab00000, 0x00000000ead80000, 0x0000000100000000)
  eden space 512K, 100% used [0x00000000eab00000,0x00000000eab80000,0x00000000eab80000)
  from space 1024K, 21% used [0x00000000eab80000,0x00000000eabb8000,0x00000000eac80000)
  to   space 512K, 0% used [0x00000000ead00000,0x00000000ead00000,0x00000000ead80000)
 ParOldGen       total 579072K, used 560566K [0x00000000c0000000, 0x00000000e3580000, 0x00000000eab00000)
  object space 579072K, 96% used [0x00000000c0000000,0x00000000e236d890,0x00000000e3580000)
 Metaspace       used 75655K, committed 77120K, reserved 1179648K
  class space    used 7758K, committed 8320K, reserved 1048576K
}
Event: 119.686 GC heap after
{Heap after GC invocations=625 (full 14):
 PSYoungGen      total 2048K, used 288K [0x00000000eab00000, 0x00000000ead80000, 0x0000000100000000)
  eden space 1536K, 0% used [0x00000000eab00000,0x00000000eab00000,0x00000000eac80000)
  from space 512K, 56% used [0x00000000ead00000,0x00000000ead48000,0x00000000ead80000)
  to   space 512K, 0% used [0x00000000eac80000,0x00000000eac80000,0x00000000ead00000)
 ParOldGen       total 579072K, used 560622K [0x00000000c0000000, 0x00000000e3580000, 0x00000000eab00000)
  object space 579072K, 96% used [0x00000000c0000000,0x00000000e237b890,0x00000000e3580000)
 Metaspace       used 75655K, committed 77120K, reserved 1179648K
  class space    used 7758K, committed 8320K, reserved 1048576K
}
Event: 119.731 GC heap before
{Heap before GC invocations=626 (full 14):
 PSYoungGen      total 2048K, used 1824K [0x00000000eab00000, 0x00000000ead80000, 0x0000000100000000)
  eden space 1536K, 100% used [0x00000000eab00000,0x00000000eac80000,0x00000000eac80000)
  from space 512K, 56% used [0x00000000ead00000,0x00000000ead48000,0x00000000ead80000)
  to   space 512K, 0% used [0x00000000eac80000,0x00000000eac80000,0x00000000ead00000)
 ParOldGen       total 579072K, used 560622K [0x00000000c0000000, 0x00000000e3580000, 0x00000000eab00000)
  object space 579072K, 96% used [0x00000000c0000000,0x00000000e237b890,0x00000000e3580000)
 Metaspace       used 75674K, committed 77120K, reserved 1179648K
  class space    used 7758K, committed 8320K, reserved 1048576K
}
Event: 119.732 GC heap after
{Heap after GC invocations=626 (full 14):
 PSYoungGen      total 2048K, used 507K [0x00000000eab00000, 0x00000000ead80000, 0x0000000100000000)
  eden space 1536K, 0% used [0x00000000eab00000,0x00000000eab00000,0x00000000eac80000)
  from space 512K, 99% used [0x00000000eac80000,0x00000000eacfec08,0x00000000ead00000)
  to   space 512K, 0% used [0x00000000ead00000,0x00000000ead00000,0x00000000ead80000)
 ParOldGen       total 579072K, used 560898K [0x00000000c0000000, 0x00000000e3580000, 0x00000000eab00000)
  object space 579072K, 96% used [0x00000000c0000000,0x00000000e23c08a0,0x00000000e3580000)
 Metaspace       used 75674K, committed 77120K, reserved 1179648K
  class space    used 7758K, committed 8320K, reserved 1048576K
}
Event: 119.742 GC heap before
{Heap before GC invocations=627 (full 14):
 PSYoungGen      total 2048K, used 2043K [0x00000000eab00000, 0x00000000ead80000, 0x0000000100000000)
  eden space 1536K, 100% used [0x00000000eab00000,0x00000000eac80000,0x00000000eac80000)
  from space 512K, 99% used [0x00000000eac80000,0x00000000eacfec08,0x00000000ead00000)
  to   space 512K, 0% used [0x00000000ead00000,0x00000000ead00000,0x00000000ead80000)
 ParOldGen       total 579072K, used 560898K [0x00000000c0000000, 0x00000000e3580000, 0x00000000eab00000)
  object space 579072K, 96% used [0x00000000c0000000,0x00000000e23c08a0,0x00000000e3580000)
 Metaspace       used 75674K, committed 77120K, reserved 1179648K
  class space    used 7758K, committed 8320K, reserved 1048576K
}
Event: 119.744 GC heap after
{Heap after GC invocations=627 (full 14):
 PSYoungGen      total 2048K, used 512K [0x00000000eab00000, 0x00000000ead80000, 0x0000000100000000)
  eden space 1536K, 0% used [0x00000000eab00000,0x00000000eab00000,0x00000000eac80000)
  from space 512K, 100% used [0x00000000ead00000,0x00000000ead80000,0x00000000ead80000)
  to   space 512K, 0% used [0x00000000eac80000,0x00000000eac80000,0x00000000ead00000)
 ParOldGen       total 579072K, used 562199K [0x00000000c0000000, 0x00000000e3580000, 0x00000000eab00000)
  object space 579072K, 97% used [0x00000000c0000000,0x00000000e2505e30,0x00000000e3580000)
 Metaspace       used 75674K, committed 77120K, reserved 1179648K
  class space    used 7758K, committed 8320K, reserved 1048576K
}

